commit 723df33a2de520dfe556f6a4b60991f17a41f351
Author: AJJAPUSIVA <siva.ajjapu96@gmail.com>
Date:   Sun May 31 19:46:15 2020 +0000

    Add code for search

commit 98d6d16ec166da0a13b3a9254d4f9c649a484633
Author: AJJAPUSIVA <siva.ajjapu96@gmail.com>
Date:   Sun May 31 19:45:42 2020 +0000

    Add handle for list of Devices

commit e3bf230f719c6e2e888abc2a261041025cd982ca
Author: AJJAPUSIVA <siva.ajjapu96@gmail.com>
Date:   Sun May 31 19:43:59 2020 +0000

    Add backend code

commit d7386627186969ae13b7f2745580c17cfb2ec99e
Author: AJJAPUSIVA <siva.ajjapu96@gmail.com>
Date:   Sun May 31 19:42:46 2020 +0000

    Added remove Device handle code

commit e6a5562230750ea4de25227c4bfb52a182be9414
Author: AJJAPUSIVA <siva.ajjapu96@gmail.com>
Date:   Sun May 31 19:42:09 2020 +0000

    Added list php file

commit d38b0c60482a3d1f75c08fd2b535056db6fc8f41
Merge: 082e5e8 c33faf5
Author: AJJAPUSIVA <siva.ajjapu96@gmail.com>
Date:   Sun May 31 19:40:57 2020 +0000

    Merge branch 'master' of github.com:AJJAPUSIVA/track-a-mac

commit 082e5e8078846cef8014eca83d46fca4b31f8f3d
Author: AJJAPUSIVA <siva.ajjapu96@gmail.com>
Date:   Sun May 31 19:40:02 2020 +0000

    Add config file

commit c33faf51a0418aa900a3ed0aa148b6b1e664a063
Author: AJJAPUSIVA <48119048+AJJAPUSIVA@users.noreply.github.com>
Date:   Sun May 31 20:48:17 2020 +0200

    Delete list.php

commit d2b2c76c16e6c636359f5e00f5e4d0e49e813e94
Author: AJJAPUSIVA <48119048+AJJAPUSIVA@users.noreply.github.com>
Date:   Sun May 31 20:48:03 2020 +0200

    Delete addDevices.sh

commit 7ab8fa52b6d8e0b05b818b6fbc5c4441a1a66823
Author: AJJAPUSIVA <siva.ajjapu96@gmail.com>
Date:   Sun May 31 18:44:22 2020 +0000

    added devices list

commit a15448c8cc9c294da8a8c10c18937b12fcd42c33
Author: AJJAPUSIVA <siva.ajjapu96@gmail.com>
Date:   Sun May 31 17:36:00 2020 +0000

    Add addDevice code

commit dd10fbdf837b373c3e022887e217c1bcf8d393f8
Author: AJJAPUSIVA <siva.ajjapu96@gmail.com>
Date:   Sun May 31 17:34:01 2020 +0000

    Add config file
commit eaff244f0a0eb30b6b91083a3bf8b012819d3887
Author: AJJAPUSIVA <siva.ajjapu96@gmail.com>
Date:   Sun May 31 19:49:08 2020 +0000

    Add .txt extensions to all files

commit b1ac1ab1ff8fa23e9161a966c29f85a185c6ad15
Author: AJJAPUSIVA <siva.ajjapu96@gmail.com>
Date:   Sun May 31 19:46:58 2020 +0000

    Add git log

commit 723df33a2de520dfe556f6a4b60991f17a41f351
Author: AJJAPUSIVA <siva.ajjapu96@gmail.com>
Date:   Sun May 31 19:46:15 2020 +0000

    Add code for search

commit 98d6d16ec166da0a13b3a9254d4f9c649a484633
Author: AJJAPUSIVA <siva.ajjapu96@gmail.com>
Date:   Sun May 31 19:45:42 2020 +0000

    Add handle for list of Devices

commit e3bf230f719c6e2e888abc2a261041025cd982ca
Author: AJJAPUSIVA <siva.ajjapu96@gmail.com>
Date:   Sun May 31 19:43:59 2020 +0000

    Add backend code

commit d7386627186969ae13b7f2745580c17cfb2ec99e
Author: AJJAPUSIVA <siva.ajjapu96@gmail.com>
Date:   Sun May 31 19:42:46 2020 +0000

    Added remove Device handle code

commit e6a5562230750ea4de25227c4bfb52a182be9414
Author: AJJAPUSIVA <siva.ajjapu96@gmail.com>
Date:   Sun May 31 19:42:09 2020 +0000

    Added list php file

commit d38b0c60482a3d1f75c08fd2b535056db6fc8f41
Merge: 082e5e8 c33faf5
Author: AJJAPUSIVA <siva.ajjapu96@gmail.com>
Date:   Sun May 31 19:40:57 2020 +0000

    Merge branch 'master' of github.com:AJJAPUSIVA/track-a-mac

commit 082e5e8078846cef8014eca83d46fca4b31f8f3d
Author: AJJAPUSIVA <siva.ajjapu96@gmail.com>
Date:   Sun May 31 19:40:02 2020 +0000

    Add config file

commit c33faf51a0418aa900a3ed0aa148b6b1e664a063
Author: AJJAPUSIVA <48119048+AJJAPUSIVA@users.noreply.github.com>
Date:   Sun May 31 20:48:17 2020 +0200

    Delete list.php

commit d2b2c76c16e6c636359f5e00f5e4d0e49e813e94
Author: AJJAPUSIVA <48119048+AJJAPUSIVA@users.noreply.github.com>
Date:   Sun May 31 20:48:03 2020 +0200

    Delete addDevices.sh

commit 7ab8fa52b6d8e0b05b818b6fbc5c4441a1a66823
Author: AJJAPUSIVA <siva.ajjapu96@gmail.com>
Date:   Sun May 31 18:44:22 2020 +0000

    added devices list

commit a15448c8cc9c294da8a8c10c18937b12fcd42c33
Author: AJJAPUSIVA <siva.ajjapu96@gmail.com>
Date:   Sun May 31 17:36:00 2020 +0000

    Add addDevice code

commit dd10fbdf837b373c3e022887e217c1bcf8d393f8
Author: AJJAPUSIVA <siva.ajjapu96@gmail.com>
Date:   Sun May 31 17:34:01 2020 +0000

    Add config file
